<?xml version="1.0" encoding="utf-8"?><testsuites name="pytest tests"><testsuite name="pytest" errors="0" failures="0" skipped="0" tests="11" time="0.997" timestamp="2026-04-29T03:20:18.372358+00:00" hostname="agent-env-141ed8be-84a0-4525-b3a5-eb5bb6391de5"><testcase classname="backend.tests.test_taksh_backend.TestRoot" name="test_root" time="0.145" /><testcase classname="backend.tests.test_taksh_backend.TestReservations" name="test_create_reservation_valid" time="0.055" /><testcase classname="backend.tests.test_taksh_backend.TestReservations" name="test_create_reservation_minimum_required" time="0.052" /><testcase classname="backend.tests.test_taksh_backend.TestReservations" name="test_create_reservation_missing_required_returns_422" time="0.048" /><testcase classname="backend.tests.test_taksh_backend.TestReservations" name="test_create_reservation_invalid_email_returns_422" time="0.052" /><testcase classname="backend.tests.test_taksh_backend.TestReservations" name="test_create_reservation_invalid_guest_count" time="0.045" /><testcase classname="backend.tests.test_taksh_backend.TestReservations" name="test_list_reservations_persists" time="0.102" /><testcase classname="backend.tests.test_taksh_backend.TestContact" name="test_create_contact_valid" time="0.055" /><testcase classname="backend.tests.test_taksh_backend.TestContact" name="test_create_contact_missing_required_returns_422" time="0.050" /><testcase classname="backend.tests.test_taksh_backend.TestContact" name="test_create_contact_invalid_email_returns_422" time="0.045" /><testcase classname="backend.tests.test_taksh_backend.TestContact" name="test_list_contact" time="0.045" /></testsuite></testsuites>